<?xml version="1.0" encoding="UTF-8"?>
<testsuites name="jest tests" tests="1" failures="0" time="4.075">
  <testsuite name="undefined" errors="0" failures="0" skipped="0" timestamp="2020-05-08T03:12:44" time="1.975" tests="1">
    <testcase classname=" Student id searchfield has focus on loading component" name=" Student id searchfield has focus on loading component" time="0.088">
    </testcase>
  </testsuite>
</testsuites>